<?xml version="1.0" encoding="UTF-8"?>
<!-- Generated by org.testng.reporters.JUnitXMLReporter -->
<testsuite ignored="0" hostname="DESKTOP-AUFBGI7" failures="0" tests="20" name="Default test" time="30.141" errors="0" timestamp="2023-05-05T11:42:20 IST">
  <testcase classname="Student.Allen_plus.Allen_PlusscheduleTest" name="Verifyprofilename" time="1.695"/>
  <testcase classname="Student.Allen_plus.Allen_PlusscheduleTest" name="validateappversion" time="0.033"/>
  <testcase classname="Student.Allen_plus.Allen_PlusscheduleTest" name="varifyschedule" time="0.056"/>
  <testcase classname="Student.Allen_plus.Allen_PlusscheduleTest" name="verifyNotificatontext" time="1.109"/>
  <testcase classname="Student.Allen_plus.Allen_PlusscheduleTest" name="verify_i_button" time="0.206"/>
  <testcase classname="Student.Allen_plus.Allen_PlusscheduleTest" name="verifyaccesreq" time="2.273"/>
  <testcase classname="Student.Allen_plus.Allen_PlusscheduleTest" name="verifybackbtn" time="2.306"/>
  <testcase classname="Student.Allen_plus.Allen_PlusscheduleTest" name="verifybatchname" time="0.097"/>
  <testcase classname="Student.Allen_plus.Allen_PlusscheduleTest" name="verifycalendervisible_or_not" time="0.045"/>
  <testcase classname="Student.Allen_plus.Allen_PlusscheduleTest" name="verifyclassisScheduledORnot" time="0.099"/>
  <testcase classname="Student.Allen_plus.Allen_PlusscheduleTest" name="verifycurrentdate" time="0.032"/>
  <testcase classname="Student.Allen_plus.Allen_PlusscheduleTest" name="verifygreetingmsg" time="0.032"/>
  <testcase classname="Student.Allen_plus.Allen_PlusscheduleTest" name="verifyhomepageimage" time="0.033"/>
  <testcase classname="Student.Allen_plus.Allen_PlusscheduleTest" name="verifylogoisdisplyed_or_not" time="0.032"/>
  <testcase classname="Student.Allen_plus.Allen_PlusscheduleTest" name="verifynoticationbell" time="0.029"/>
  <testcase classname="Student.Allen_plus.Allen_PlusscheduleTest" name="verifyrdeempoint" time="1.693"/>
  <testcase classname="Student.Allen_plus.Allen_PlusscheduleTest" name="verifysettingdropdown" time="2.18"/>
  <testcase classname="Student.Allen_plus.Allen_PlusscheduleTest" name="verifystreamename" time="0.052"/>
  <testcase classname="Student.Allen_plus.Allen_PlusscheduleTest" name="verifytodaybtn" time="0.025"/>
  <testcase classname="Student.Allen_plus.Allen_PlusscheduleTest" name="verifyyourclass" time="8.105"/>
</testsuite> <!-- Default test -->
