<?xml version="1.0" encoding="UTF-8"?>
<!-- Generated by org.testng.reporters.JUnitXMLReporter -->
<testsuite ignored="2" hostname="DESKTOP-AUFBGI7" failures="0" tests="1" name="Default test" time="15.479" errors="0" timestamp="2023-04-24T19:28:46 IST">
  <testcase classname="Student.Allen_plus.Allen_Plus_revision_Test" name="scrollpage" time="4.125"/>
  <testcase classname="Student.Allen_plus.Allen_Plus_revision_Test" name="verifyselectsubject" time="0.0">
    <ignored/>
  </testcase> <!-- verifyselectsubject -->
  <testcase classname="Student.Allen_plus.Allen_Plus_revision_Test" name="verifyrevisionbtn" time="0.0">
    <ignored/>
  </testcase> <!-- verifyrevisionbtn -->
</testsuite> <!-- Default test -->
