<?xml version="1.0" encoding="UTF-8"?>
<!-- Generated by org.testng.reporters.JUnitXMLReporter -->
<testsuite ignored="0" hostname="DESKTOP-AUFBGI7" failures="0" tests="23" name="Test" time="165.227" errors="0" timestamp="2023-04-21T10:30:07 IST">
  <testcase classname="Student.Allen_plus.Allen_PlusscheduleTest" name="@BeforeMethod logintoapp" time="3.817">
    <failure type="org.openqa.selenium.ElementClickInterceptedException" message="element click intercepted: Element &amp;lt;button _ngcontent-eig-c129=&amp;quot;&amp;quot; id=&amp;quot;submit&amp;quot; type=&amp;quot;submit&amp;quot; class=&amp;quot;btn btn-primary ... mt-4&amp;quot;&amp;gt;Login&amp;lt;/button&amp;gt; is not clickable at point (803, 412). Other element would receive the click: &amp;lt;img _ngcontent-eig-c129=&amp;quot;&amp;quot; class=&amp;quot;loader_allen&amp;quot; style=&amp;quot;width: 242px;&amp;quot; src=&amp;quot;https://d1sc0s0nb5z771.cloudfront.net/allenplus3/assets/gif/Allen_Loader.gif&amp;quot;&amp;gt;
  (Session info: chrome=112.0.5615.50)
Build info: version: &amp;apos;4.8.3&amp;apos;, revision: &amp;apos;e5e76298c3&amp;apos;
System info: os.name: &amp;apos;Windows 10&amp;apos;, os.arch: &amp;apos;amd64&amp;apos;, os.version: &amp;apos;10.0&amp;apos;, java.version: &amp;apos;11.0.18&amp;apos;
Driver info: org.openqa.selenium.chrome.ChromeDriver
Command: [6dacc60d9b4e98ba43aa7b69b72692ac, clickElement {id=20008b60-d204-45db-9914-a39c5960cdc3}]
Capabilities {acceptInsecureCerts: false, browserName: chrome, browserVersion: 112.0.5615.50, chrome: {chromedriverVersion: 112.0.5615.49 (bd2a7bcb881c..., userDataDir: C:\Users\ginger\AppData\Loc...}, goog:chromeOptions: {debuggerAddress: localhost:53767}, networkConnectionEnabled: false, pageLoadStrategy: normal, platformName: WINDOWS, proxy: Proxy(), se:cdp: ws://localhost:53767/devtoo..., se:cdpVersion: 112.0.5615.50, setWindowRect: true, strictFileInteractability: false, timeouts: {implicit: 0, pageLoad: 300000, script: 30000}, unhandledPromptBehavior: dismiss and notify, webauthn:extension:credBlob: true, webauthn:extension:largeBlob: true, webauthn:extension:minPinLength: true, webauthn:extension:prf: true, webauthn:virtualAuthenticators: true}
Element: [[ChromeDriver: chrome on WINDOWS (6dacc60d9b4e98ba43aa7b69b72692ac)] -&amp;gt; xpath: (//button[@type=&amp;apos;submit&amp;apos;])[1]]
Session ID: 6dacc60d9b4e98ba43aa7b69b72692ac">
      <![CDATA[org.openqa.selenium.ElementClickInterceptedException: element click intercepted: Element <button _ngcontent-eig-c129="" id="submit" type="submit" class="btn btn-primary ... mt-4">Login</button> is not clickable at point (803, 412). Other element would receive the click: <img _ngcontent-eig-c129="" class="loader_allen" style="width: 242px;" src="https://d1sc0s0nb5z771.cloudfront.net/allenplus3/assets/gif/Allen_Loader.gif">
  (Session info: chrome=112.0.5615.50)
Build info: version: '4.8.3', revision: 'e5e76298c3'
System info: os.name: 'Windows 10', os.arch: 'amd64', os.version: '10.0', java.version: '11.0.18'
Driver info: org.openqa.selenium.chrome.ChromeDriver
Command: [6dacc60d9b4e98ba43aa7b69b72692ac, clickElement {id=20008b60-d204-45db-9914-a39c5960cdc3}]
Capabilities {acceptInsecureCerts: false, browserName: chrome, browserVersion: 112.0.5615.50, chrome: {chromedriverVersion: 112.0.5615.49 (bd2a7bcb881c..., userDataDir: C:\Users\ginger\AppData\Loc...}, goog:chromeOptions: {debuggerAddress: localhost:53767}, networkConnectionEnabled: false, pageLoadStrategy: normal, platformName: WINDOWS, proxy: Proxy(), se:cdp: ws://localhost:53767/devtoo..., se:cdpVersion: 112.0.5615.50, setWindowRect: true, strictFileInteractability: false, timeouts: {implicit: 0, pageLoad: 300000, script: 30000}, unhandledPromptBehavior: dismiss and notify, webauthn:extension:credBlob: true, webauthn:extension:largeBlob: true, webauthn:extension:minPinLength: true, webauthn:extension:prf: true, webauthn:virtualAuthenticators: true}
Element: [[ChromeDriver: chrome on WINDOWS (6dacc60d9b4e98ba43aa7b69b72692ac)] -> xpath: (//button[@type='submit'])[1]]
Session ID: 6dacc60d9b4e98ba43aa7b69b72692ac
at org.openqa.selenium.remote.codec.w3c.W3CHttpResponseCodec.createException(W3CHttpResponseCodec.java:200)
at org.openqa.selenium.remote.codec.w3c.W3CHttpResponseCodec.decode(W3CHttpResponseCodec.java:133)
at org.openqa.selenium.remote.codec.w3c.W3CHttpResponseCodec.decode(W3CHttpResponseCodec.java:53)
at org.openqa.selenium.remote.HttpCommandExecutor.execute(HttpCommandExecutor.java:193)
at org.openqa.selenium.remote.service.DriverCommandExecutor.invokeExecute(DriverCommandExecutor.java:183)
at org.openqa.selenium.remote.service.DriverCommandExecutor.execute(DriverCommandExecutor.java:158)
at org.openqa.selenium.remote.RemoteWebDriver.execute(RemoteWebDriver.java:543)
at org.openqa.selenium.remote.RemoteWebElement.execute(RemoteWebElement.java:257)
at org.openqa.selenium.remote.RemoteWebElement.click(RemoteWebElement.java:78)
at org.openqa.selenium.support.pagefactory.internal.LocatingElementHandler.invoke(LocatingElementHandler.java:52)
at com.sun.proxy.$Proxy21.click(Unknown Source)
at Student.Allen_plus.AllenLoginPage.clickOnLoginBtn(AllenLoginPage.java:45)
at Student.Allen_plus.Allen_PlusscheduleTest.logintoapp(Allen_PlusscheduleTest.java:44)
at java.base/java.util.ArrayList.forEach(ArrayList.java:1541)
... Removed 39 stack frames]]>
    </failure>
  </testcase> <!-- @BeforeMethod logintoapp -->
  <testcase classname="Student.Allen_plus.Allen_PlusscheduleTest" name="@AfterMethod appLogout" time="-1.682053065043E9">
    <skipped/>
  </testcase> <!-- @AfterMethod appLogout -->
  <testcase classname="Student.Allen_plus.Allen_PlusscheduleTest" name="@BeforeMethod logintoapp" time="-1.682053065044E9">
    <skipped/>
  </testcase> <!-- @BeforeMethod logintoapp -->
  <testcase classname="Student.Allen_plus.Allen_PlusscheduleTest" name="@AfterMethod appLogout" time="-1.682053065052E9">
    <skipped/>
  </testcase> <!-- @AfterMethod appLogout -->
  <testcase classname="Student.Allen_plus.Allen_PlusscheduleTest" name="@BeforeMethod logintoapp" time="-1.682053065053E9">
    <skipped/>
  </testcase> <!-- @BeforeMethod logintoapp -->
  <testcase classname="Student.Allen_plus.Allen_PlusscheduleTest" name="@AfterMethod appLogout" time="-1.682053065072E9">
    <skipped/>
  </testcase> <!-- @AfterMethod appLogout -->
  <testcase classname="Student.Allen_plus.Allen_PlusscheduleTest" name="@BeforeMethod logintoapp" time="-1.682053065074E9">
    <skipped/>
  </testcase> <!-- @BeforeMethod logintoapp -->
  <testcase classname="Student.Allen_plus.Allen_PlusscheduleTest" name="@AfterMethod appLogout" time="-1.682053065087E9">
    <skipped/>
  </testcase> <!-- @AfterMethod appLogout -->
  <testcase classname="Student.Allen_plus.Allen_PlusscheduleTest" name="@BeforeMethod logintoapp" time="-1.68205306509E9">
    <skipped/>
  </testcase> <!-- @BeforeMethod logintoapp -->
  <testcase classname="Student.Allen_plus.Allen_PlusscheduleTest" name="@AfterMethod appLogout" time="-1.682053065094E9">
    <skipped/>
  </testcase> <!-- @AfterMethod appLogout -->
  <testcase classname="Student.Allen_plus.Allen_PlusscheduleTest" name="@BeforeMethod logintoapp" time="-1.682053065095E9">
    <skipped/>
  </testcase> <!-- @BeforeMethod logintoapp -->
  <testcase classname="Student.Allen_plus.Allen_PlusscheduleTest" name="@AfterMethod appLogout" time="-1.682053065107E9">
    <skipped/>
  </testcase> <!-- @AfterMethod appLogout -->
  <testcase classname="Student.Allen_plus.Allen_PlusscheduleTest" name="@BeforeMethod logintoapp" time="-1.682053065109E9">
    <skipped/>
  </testcase> <!-- @BeforeMethod logintoapp -->
  <testcase classname="Student.Allen_plus.Allen_PlusscheduleTest" name="@AfterMethod appLogout" time="-1.682053065112E9">
    <skipped/>
  </testcase> <!-- @AfterMethod appLogout -->
  <testcase classname="Student.Allen_plus.Allen_PlusscheduleTest" name="@AfterClass logoutApp" time="-1.682053065114E9">
    <skipped/>
  </testcase> <!-- @AfterClass logoutApp -->
  <testcase classname="Student.Allen_plus.Allen_Plus_bulletinboard_Test" name="@BeforeMethod logintoapp" time="1.64">
    <failure type="org.openqa.selenium.ElementClickInterceptedException" message="element click intercepted: Element &amp;lt;button _ngcontent-afs-c129=&amp;quot;&amp;quot; id=&amp;quot;submit&amp;quot; type=&amp;quot;submit&amp;quot; class=&amp;quot;btn btn-primary ... mt-4&amp;quot;&amp;gt;Login&amp;lt;/button&amp;gt; is not clickable at point (803, 412). Other element would receive the click: &amp;lt;img _ngcontent-afs-c129=&amp;quot;&amp;quot; class=&amp;quot;loader_allen&amp;quot; style=&amp;quot;width: 242px;&amp;quot; src=&amp;quot;https://d1sc0s0nb5z771.cloudfront.net/allenplus3/assets/gif/Allen_Loader.gif&amp;quot;&amp;gt;
  (Session info: chrome=112.0.5615.50)
Build info: version: &amp;apos;4.8.3&amp;apos;, revision: &amp;apos;e5e76298c3&amp;apos;
System info: os.name: &amp;apos;Windows 10&amp;apos;, os.arch: &amp;apos;amd64&amp;apos;, os.version: &amp;apos;10.0&amp;apos;, java.version: &amp;apos;11.0.18&amp;apos;
Driver info: org.openqa.selenium.chrome.ChromeDriver
Command: [357925ffa7630375c758ac53480ed96a, clickElement {id=f0052ce7-efdf-4d44-874f-09b96c8e5618}]
Capabilities {acceptInsecureCerts: false, browserName: chrome, browserVersion: 112.0.5615.50, chrome: {chromedriverVersion: 112.0.5615.49 (bd2a7bcb881c..., userDataDir: C:\Users\ginger\AppData\Loc...}, goog:chromeOptions: {debuggerAddress: localhost:54095}, networkConnectionEnabled: false, pageLoadStrategy: normal, platformName: WINDOWS, proxy: Proxy(), se:cdp: ws://localhost:54095/devtoo..., se:cdpVersion: 112.0.5615.50, setWindowRect: true, strictFileInteractability: false, timeouts: {implicit: 0, pageLoad: 300000, script: 30000}, unhandledPromptBehavior: dismiss and notify, webauthn:extension:credBlob: true, webauthn:extension:largeBlob: true, webauthn:extension:minPinLength: true, webauthn:extension:prf: true, webauthn:virtualAuthenticators: true}
Element: [[ChromeDriver: chrome on WINDOWS (357925ffa7630375c758ac53480ed96a)] -&amp;gt; xpath: (//button[@type=&amp;apos;submit&amp;apos;])[1]]
Session ID: 357925ffa7630375c758ac53480ed96a">
      <![CDATA[org.openqa.selenium.ElementClickInterceptedException: element click intercepted: Element <button _ngcontent-afs-c129="" id="submit" type="submit" class="btn btn-primary ... mt-4">Login</button> is not clickable at point (803, 412). Other element would receive the click: <img _ngcontent-afs-c129="" class="loader_allen" style="width: 242px;" src="https://d1sc0s0nb5z771.cloudfront.net/allenplus3/assets/gif/Allen_Loader.gif">
  (Session info: chrome=112.0.5615.50)
Build info: version: '4.8.3', revision: 'e5e76298c3'
System info: os.name: 'Windows 10', os.arch: 'amd64', os.version: '10.0', java.version: '11.0.18'
Driver info: org.openqa.selenium.chrome.ChromeDriver
Command: [357925ffa7630375c758ac53480ed96a, clickElement {id=f0052ce7-efdf-4d44-874f-09b96c8e5618}]
Capabilities {acceptInsecureCerts: false, browserName: chrome, browserVersion: 112.0.5615.50, chrome: {chromedriverVersion: 112.0.5615.49 (bd2a7bcb881c..., userDataDir: C:\Users\ginger\AppData\Loc...}, goog:chromeOptions: {debuggerAddress: localhost:54095}, networkConnectionEnabled: false, pageLoadStrategy: normal, platformName: WINDOWS, proxy: Proxy(), se:cdp: ws://localhost:54095/devtoo..., se:cdpVersion: 112.0.5615.50, setWindowRect: true, strictFileInteractability: false, timeouts: {implicit: 0, pageLoad: 300000, script: 30000}, unhandledPromptBehavior: dismiss and notify, webauthn:extension:credBlob: true, webauthn:extension:largeBlob: true, webauthn:extension:minPinLength: true, webauthn:extension:prf: true, webauthn:virtualAuthenticators: true}
Element: [[ChromeDriver: chrome on WINDOWS (357925ffa7630375c758ac53480ed96a)] -> xpath: (//button[@type='submit'])[1]]
Session ID: 357925ffa7630375c758ac53480ed96a
at org.openqa.selenium.remote.codec.w3c.W3CHttpResponseCodec.createException(W3CHttpResponseCodec.java:200)
at org.openqa.selenium.remote.codec.w3c.W3CHttpResponseCodec.decode(W3CHttpResponseCodec.java:133)
at org.openqa.selenium.remote.codec.w3c.W3CHttpResponseCodec.decode(W3CHttpResponseCodec.java:53)
at org.openqa.selenium.remote.HttpCommandExecutor.execute(HttpCommandExecutor.java:193)
at org.openqa.selenium.remote.service.DriverCommandExecutor.invokeExecute(DriverCommandExecutor.java:183)
at org.openqa.selenium.remote.service.DriverCommandExecutor.execute(DriverCommandExecutor.java:158)
at org.openqa.selenium.remote.RemoteWebDriver.execute(RemoteWebDriver.java:543)
at org.openqa.selenium.remote.RemoteWebElement.execute(RemoteWebElement.java:257)
at org.openqa.selenium.remote.RemoteWebElement.click(RemoteWebElement.java:78)
at org.openqa.selenium.support.pagefactory.internal.LocatingElementHandler.invoke(LocatingElementHandler.java:52)
at com.sun.proxy.$Proxy21.click(Unknown Source)
at Student.Allen_plus.AllenLoginPage.clickOnLoginBtn(AllenLoginPage.java:45)
at Student.Allen_plus.Allen_Plus_bulletinboard_Test.logintoapp(Allen_Plus_bulletinboard_Test.java:43)
at java.base/java.util.ArrayList.forEach(ArrayList.java:1541)
... Removed 38 stack frames]]>
    </failure>
  </testcase> <!-- @BeforeMethod logintoapp -->
  <testcase classname="Student.Allen_plus.Allen_Plus_bulletinboard_Test" name="@AfterMethod appLogout" time="-1.682053132469E9">
    <skipped/>
  </testcase> <!-- @AfterMethod appLogout -->
  <testcase classname="Student.Allen_plus.Allen_Plus_bulletinboard_Test" name="@AfterClass logoutApp" time="-1.68205313247E9">
    <skipped/>
  </testcase> <!-- @AfterClass logoutApp -->
  <testcase classname="Student.Allen_plus.Allen_PlusscheduleTest" name="Verifyprofilename" time="1.84"/>
  <testcase classname="Student.Allen_plus.Allen_PlusscheduleTest" name="varifyschedule" time="0.091"/>
  <testcase classname="Student.Allen_plus.Allen_PlusscheduleTest" name="verifyNotificatontext" time="0.001">
    <skipped/>
  </testcase> <!-- verifyNotificatontext -->
  <testcase classname="Student.Allen_plus.Allen_PlusscheduleTest" name="verify_i_button" time="0.0">
    <skipped/>
  </testcase> <!-- verify_i_button -->
  <testcase classname="Student.Allen_plus.Allen_PlusscheduleTest" name="verifybatchname" time="0.0">
    <skipped/>
  </testcase> <!-- verifybatchname -->
  <testcase classname="Student.Allen_plus.Allen_PlusscheduleTest" name="verifyclass" time="0.0">
    <skipped/>
  </testcase> <!-- verifyclass -->
  <testcase classname="Student.Allen_plus.Allen_PlusscheduleTest" name="verifycoursename" time="0.0">
    <skipped/>
  </testcase> <!-- verifycoursename -->
  <testcase classname="Student.Allen_plus.Allen_PlusscheduleTest" name="verifylogoisdisplyed_or_not" time="0.0">
    <skipped/>
  </testcase> <!-- verifylogoisdisplyed_or_not -->
  <testcase classname="Student.Allen_plus.Allen_PlusscheduleTest" name="verifynoticationbell" time="0.0">
    <skipped/>
  </testcase> <!-- verifynoticationbell -->
  <testcase classname="Student.Allen_plus.Allen_Plus_revision_Test" name="verifyrevisionbtn" time="0.108"/>
  <testcase classname="Student.Allen_plus.Allen_Plus_revision_Test" name="verifyselectsubject" time="0.159"/>
  <testcase classname="Student.Allen_plus.Allen_Plus_digitalmtl_Test" name="verifydigiButtonenabled_or_not" time="3.122"/>
  <testcase classname="Student.Allen_plus.Allen_Plus_testreport_Test" name="verifyTestreport" time="2.065"/>
  <testcase classname="Student.Allen_plus.Allen_Plus_doubtsolution_Test" name="verifydoubtsolution" time="2.113"/>
  <testcase classname="Student.Allen_plus.Allen_Plus_bulletinboard_Test" name="verifybuletinboard" time="0.104"/>
  <testcase classname="Student.Allen_plus.Allen_Plus_bulletinboard_Test" name="verifybulletinicon" time="0.0">
    <skipped/>
  </testcase> <!-- verifybulletinicon -->
  <testcase classname="Student.Allen_plus.Allen_Plus_feedback_Test" name="verifyfeedback" time="0.123"/>
  <testcase classname="Student.Allen_plus.Allen_Plus_quiz_Test" name="verifyquiz" time="0.208"/>
  <testcase classname="Student.Allen_plus.Allen_Plus_myassets_Test" name="verifyMyAssets" time="0.106"/>
  <testcase classname="Student.Allen_plus.Allen_Plus_support_Test" name="verifySupport" time="2.253"/>
  <testcase classname="Student.Allen_plus.Allen_Plus_recreationroom_Test" name="verifyRecreationRoom" time="0.492"/>
  <testcase classname="Student.Allen_plus.Allen_Plus_blog_Test" name="verifyBlogg" time="0.032"/>
  <testcase classname="Student.Allen_plus.Allen_Plus_rateus_Test" name="verifyRateUs" time="0.03"/>
</testsuite> <!-- Test -->
