<?xml version="1.0" encoding="UTF-8"?>
<testng-results ignored="2" total="3" passed="1" failed="0" skipped="0">
  <reporter-output>
  </reporter-output>
  <suite started-at="2023-04-24T19:28:31 IST" name="Default suite" finished-at="2023-04-24T19:28:46 IST" duration-ms="15479">
    <groups>
    </groups>
    <test started-at="2023-04-24T19:28:31 IST" name="Default test" finished-at="2023-04-24T19:28:46 IST" duration-ms="15479">
      <class name="Student.Allen_plus.Allen_Plus_revision_Test">
        <test-method is-config="true" signature="Setup()[pri:0, instance:Student.Allen_plus.Allen_Plus_revision_Test@6fdbe764]" started-at="2023-04-24T19:28:31 IST" name="Setup" finished-at="2023-04-24T19:28:40 IST" duration-ms="8943" status="PASS">
          <reporter-output>
          </reporter-output>
        </test-method> <!-- Setup -->
        <test-method signature="scrollpage()[pri:0, instance:Student.Allen_plus.Allen_Plus_revision_Test@6fdbe764]" started-at="2023-04-24T19:28:40 IST" name="scrollpage" finished-at="2023-04-24T19:28:44 IST" duration-ms="4125" status="PASS">
          <reporter-output>
          </reporter-output>
        </test-method> <!-- scrollpage -->
        <test-method is-config="true" signature="appLogout(org.testng.ITestResult)[pri:0, instance:Student.Allen_plus.Allen_Plus_revision_Test@6fdbe764]" started-at="2023-04-24T19:28:44 IST" name="appLogout" finished-at="2023-04-24T19:28:46 IST" duration-ms="2111" status="PASS">
          <params>
            <param index="0">
              <value>
                <![CDATA[[TestResult name=scrollpage status=SUCCESS method=Allen_Plus_revision_Test.scrollpage()[pri:0, instance:Student.Allen_plus.Allen_Plus_revision_Test@6fdbe764] output={null}]]]>
              </value>
            </param>
          </params>
          <reporter-output>
          </reporter-output>
        </test-method> <!-- appLogout -->
        <test-method is-config="true" signature="logoutApp()[pri:0, instance:Student.Allen_plus.Allen_Plus_revision_Test@6fdbe764]" started-at="2023-04-24T19:28:46 IST" name="logoutApp" finished-at="2023-04-24T19:28:46 IST" duration-ms="234" status="PASS">
          <reporter-output>
          </reporter-output>
        </test-method> <!-- logoutApp -->
      </class> <!-- Student.Allen_plus.Allen_Plus_revision_Test -->
    </test> <!-- Default test -->
  </suite> <!-- Default suite -->
</testng-results>
