<?xml version="1.0" encoding="UTF-8"?>
<testng-results ignored="9" total="31" passed="21" failed="1" skipped="0">
  <reporter-output>
  </reporter-output>
  <suite started-at="2023-06-28T15:09:12 IST" name="Default suite" finished-at="2023-06-28T15:10:16 IST" duration-ms="64311">
    <groups>
    </groups>
    <test started-at="2023-06-28T15:09:12 IST" name="Default test" finished-at="2023-06-28T15:10:16 IST" duration-ms="64311">
      <class name="Student.Allen_plus.Allen_PlusscheduleTest">
        <test-method is-config="true" signature="Setup()[pri:0, instance:Student.Allen_plus.Allen_PlusscheduleTest@8f2ef19]" started-at="2023-06-28T15:09:12 IST" name="Setup" finished-at="2023-06-28T15:09:25 IST" duration-ms="13326" status="PASS">
          <reporter-output>
          </reporter-output>
        </test-method> <!-- Setup -->
        <test-method signature="Verifyscheduleprofilename()[pri:-1, instance:Student.Allen_plus.Allen_PlusscheduleTest@8f2ef19]" started-at="2023-06-28T15:09:25 IST" name="Verifyscheduleprofilename" finished-at="2023-06-28T15:09:27 IST" duration-ms="1772" status="PASS">
          <reporter-output>
          </reporter-output>
        </test-method> <!-- Verifyscheduleprofilename -->
        <test-method is-config="true" signature="appLogout(org.testng.ITestResult)[pri:0, instance:Student.Allen_plus.Allen_PlusscheduleTest@8f2ef19]" started-at="2023-06-28T15:09:27 IST" name="appLogout" finished-at="2023-06-28T15:09:27 IST" duration-ms="1" status="PASS">
          <params>
            <param index="0">
              <value>
                <![CDATA[[TestResult name=Verifyscheduleprofilename status=SUCCESS method=Allen_PlusscheduleTest.Verifyscheduleprofilename()[pri:-1, instance:Student.Allen_plus.Allen_PlusscheduleTest@8f2ef19] output={null}]]]>
              </value>
            </param>
          </params>
          <reporter-output>
          </reporter-output>
        </test-method> <!-- appLogout -->
        <test-method signature="verifyscheduleaccesreqpage()[pri:0, instance:Student.Allen_plus.Allen_PlusscheduleTest@8f2ef19]" started-at="2023-06-28T15:09:27 IST" name="verifyscheduleaccesreqpage" finished-at="2023-06-28T15:09:29 IST" duration-ms="2681" status="PASS">
          <reporter-output>
          </reporter-output>
        </test-method> <!-- verifyscheduleaccesreqpage -->
        <test-method is-config="true" signature="appLogout(org.testng.ITestResult)[pri:0, instance:Student.Allen_plus.Allen_PlusscheduleTest@8f2ef19]" started-at="2023-06-28T15:09:29 IST" name="appLogout" finished-at="2023-06-28T15:09:29 IST" duration-ms="1" status="PASS">
          <params>
            <param index="0">
              <value>
                <![CDATA[[TestResult name=verifyscheduleaccesreqpage status=SUCCESS method=Allen_PlusscheduleTest.verifyscheduleaccesreqpage()[pri:0, instance:Student.Allen_plus.Allen_PlusscheduleTest@8f2ef19] output={null}]]]>
              </value>
            </param>
          </params>
          <reporter-output>
          </reporter-output>
        </test-method> <!-- appLogout -->
        <test-method signature="verifyschedulelogoisdisplyed_or_not()[pri:0, instance:Student.Allen_plus.Allen_PlusscheduleTest@8f2ef19]" started-at="2023-06-28T15:09:29 IST" name="verifyschedulelogoisdisplyed_or_not" finished-at="2023-06-28T15:09:30 IST" duration-ms="96" status="PASS">
          <reporter-output>
          </reporter-output>
        </test-method> <!-- verifyschedulelogoisdisplyed_or_not -->
        <test-method is-config="true" signature="appLogout(org.testng.ITestResult)[pri:0, instance:Student.Allen_plus.Allen_PlusscheduleTest@8f2ef19]" started-at="2023-06-28T15:09:30 IST" name="appLogout" finished-at="2023-06-28T15:09:30 IST" duration-ms="1" status="PASS">
          <params>
            <param index="0">
              <value>
                <![CDATA[[TestResult name=verifyschedulelogoisdisplyed_or_not status=SUCCESS method=Allen_PlusscheduleTest.verifyschedulelogoisdisplyed_or_not()[pri:0, instance:Student.Allen_plus.Allen_PlusscheduleTest@8f2ef19] output={null}]]]>
              </value>
            </param>
          </params>
          <reporter-output>
          </reporter-output>
        </test-method> <!-- appLogout -->
        <test-method signature="verifyschedulestreamename()[pri:1, instance:Student.Allen_plus.Allen_PlusscheduleTest@8f2ef19]" started-at="2023-06-28T15:09:30 IST" name="verifyschedulestreamename" finished-at="2023-06-28T15:09:30 IST" duration-ms="67" status="PASS">
          <reporter-output>
          </reporter-output>
        </test-method> <!-- verifyschedulestreamename -->
        <test-method is-config="true" signature="appLogout(org.testng.ITestResult)[pri:0, instance:Student.Allen_plus.Allen_PlusscheduleTest@8f2ef19]" started-at="2023-06-28T15:09:30 IST" name="appLogout" finished-at="2023-06-28T15:09:30 IST" duration-ms="0" status="PASS">
          <params>
            <param index="0">
              <value>
                <![CDATA[[TestResult name=verifyschedulestreamename status=SUCCESS method=Allen_PlusscheduleTest.verifyschedulestreamename()[pri:1, instance:Student.Allen_plus.Allen_PlusscheduleTest@8f2ef19] output={null}]]]>
              </value>
            </param>
          </params>
          <reporter-output>
          </reporter-output>
        </test-method> <!-- appLogout -->
        <test-method signature="varifyscheduletext()[pri:2, instance:Student.Allen_plus.Allen_PlusscheduleTest@8f2ef19]" started-at="2023-06-28T15:09:30 IST" name="varifyscheduletext" finished-at="2023-06-28T15:09:30 IST" duration-ms="64" status="PASS">
          <reporter-output>
          </reporter-output>
        </test-method> <!-- varifyscheduletext -->
        <test-method is-config="true" signature="appLogout(org.testng.ITestResult)[pri:0, instance:Student.Allen_plus.Allen_PlusscheduleTest@8f2ef19]" started-at="2023-06-28T15:09:30 IST" name="appLogout" finished-at="2023-06-28T15:09:30 IST" duration-ms="0" status="PASS">
          <params>
            <param index="0">
              <value>
                <![CDATA[[TestResult name=varifyscheduletext status=SUCCESS method=Allen_PlusscheduleTest.varifyscheduletext()[pri:2, instance:Student.Allen_plus.Allen_PlusscheduleTest@8f2ef19] output={null}]]]>
              </value>
            </param>
          </params>
          <reporter-output>
          </reporter-output>
        </test-method> <!-- appLogout -->
        <test-method signature="verifynoticationbelldisplyed_or_not()[pri:4, instance:Student.Allen_plus.Allen_PlusscheduleTest@8f2ef19]" started-at="2023-06-28T15:09:30 IST" name="verifynoticationbelldisplyed_or_not" finished-at="2023-06-28T15:09:30 IST" duration-ms="27" status="PASS">
          <reporter-output>
          </reporter-output>
        </test-method> <!-- verifynoticationbelldisplyed_or_not -->
        <test-method is-config="true" signature="appLogout(org.testng.ITestResult)[pri:0, instance:Student.Allen_plus.Allen_PlusscheduleTest@8f2ef19]" started-at="2023-06-28T15:09:30 IST" name="appLogout" finished-at="2023-06-28T15:09:30 IST" duration-ms="1" status="PASS">
          <params>
            <param index="0">
              <value>
                <![CDATA[[TestResult name=verifynoticationbelldisplyed_or_not status=SUCCESS method=Allen_PlusscheduleTest.verifynoticationbelldisplyed_or_not()[pri:4, instance:Student.Allen_plus.Allen_PlusscheduleTest@8f2ef19] output={null}]]]>
              </value>
            </param>
          </params>
          <reporter-output>
          </reporter-output>
        </test-method> <!-- appLogout -->
        <test-method signature="verifyscheduleclassisScheduledORnot()[pri:5, instance:Student.Allen_plus.Allen_PlusscheduleTest@8f2ef19]" started-at="2023-06-28T15:09:30 IST" name="verifyscheduleclassisScheduledORnot" finished-at="2023-06-28T15:09:30 IST" duration-ms="68" status="PASS">
          <reporter-output>
          </reporter-output>
        </test-method> <!-- verifyscheduleclassisScheduledORnot -->
        <test-method signature="verifyscheduleNotificatontext()[pri:6, instance:Student.Allen_plus.Allen_PlusscheduleTest@8f2ef19]" started-at="2023-06-28T15:09:30 IST" name="verifyscheduleNotificatontext" finished-at="2023-06-28T15:09:31 IST" duration-ms="1100" status="PASS">
          <reporter-output>
          </reporter-output>
        </test-method> <!-- verifyscheduleNotificatontext -->
        <test-method is-config="true" signature="appLogout(org.testng.ITestResult)[pri:0, instance:Student.Allen_plus.Allen_PlusscheduleTest@8f2ef19]" started-at="2023-06-28T15:09:30 IST" name="appLogout" finished-at="2023-06-28T15:09:30 IST" duration-ms="0" status="PASS">
          <params>
            <param index="0">
              <value>
                <![CDATA[[TestResult name=verifyscheduleclassisScheduledORnot status=SUCCESS method=Allen_PlusscheduleTest.verifyscheduleclassisScheduledORnot()[pri:5, instance:Student.Allen_plus.Allen_PlusscheduleTest@8f2ef19] output={null}]]]>
              </value>
            </param>
          </params>
          <reporter-output>
          </reporter-output>
        </test-method> <!-- appLogout -->
        <test-method is-config="true" signature="appLogout(org.testng.ITestResult)[pri:0, instance:Student.Allen_plus.Allen_PlusscheduleTest@8f2ef19]" started-at="2023-06-28T15:09:31 IST" name="appLogout" finished-at="2023-06-28T15:09:31 IST" duration-ms="1" status="PASS">
          <params>
            <param index="0">
              <value>
                <![CDATA[[TestResult name=verifyscheduleNotificatontext status=SUCCESS method=Allen_PlusscheduleTest.verifyscheduleNotificatontext()[pri:6, instance:Student.Allen_plus.Allen_PlusscheduleTest@8f2ef19] output={null}]]]>
              </value>
            </param>
          </params>
          <reporter-output>
          </reporter-output>
        </test-method> <!-- appLogout -->
        <test-method signature="verifyschedule_i_button_and_popupname()[pri:7, instance:Student.Allen_plus.Allen_PlusscheduleTest@8f2ef19]" started-at="2023-06-28T15:09:31 IST" name="verifyschedule_i_button_and_popupname" finished-at="2023-06-28T15:09:31 IST" duration-ms="239" status="PASS">
          <reporter-output>
          </reporter-output>
        </test-method> <!-- verifyschedule_i_button_and_popupname -->
        <test-method is-config="true" signature="appLogout(org.testng.ITestResult)[pri:0, instance:Student.Allen_plus.Allen_PlusscheduleTest@8f2ef19]" started-at="2023-06-28T15:09:31 IST" name="appLogout" finished-at="2023-06-28T15:09:31 IST" duration-ms="0" status="PASS">
          <params>
            <param index="0">
              <value>
                <![CDATA[[TestResult name=verifyschedule_i_button_and_popupname status=SUCCESS method=Allen_PlusscheduleTest.verifyschedule_i_button_and_popupname()[pri:7, instance:Student.Allen_plus.Allen_PlusscheduleTest@8f2ef19] output={null}]]]>
              </value>
            </param>
          </params>
          <reporter-output>
          </reporter-output>
        </test-method> <!-- appLogout -->
        <test-method signature="verifyschedulegreetingmsgdisplayed_or_not()[pri:8, instance:Student.Allen_plus.Allen_PlusscheduleTest@8f2ef19]" started-at="2023-06-28T15:09:31 IST" name="verifyschedulegreetingmsgdisplayed_or_not" finished-at="2023-06-28T15:09:31 IST" duration-ms="27" status="PASS">
          <reporter-output>
          </reporter-output>
        </test-method> <!-- verifyschedulegreetingmsgdisplayed_or_not -->
        <test-method is-config="true" signature="appLogout(org.testng.ITestResult)[pri:0, instance:Student.Allen_plus.Allen_PlusscheduleTest@8f2ef19]" started-at="2023-06-28T15:09:31 IST" name="appLogout" finished-at="2023-06-28T15:09:31 IST" duration-ms="0" status="PASS">
          <params>
            <param index="0">
              <value>
                <![CDATA[[TestResult name=verifyschedulegreetingmsgdisplayed_or_not status=SUCCESS method=Allen_PlusscheduleTest.verifyschedulegreetingmsgdisplayed_or_not()[pri:8, instance:Student.Allen_plus.Allen_PlusscheduleTest@8f2ef19] output={null}]]]>
              </value>
            </param>
          </params>
          <reporter-output>
          </reporter-output>
        </test-method> <!-- appLogout -->
        <test-method signature="verifyschedulecurrentdatedisplayed_or_not()[pri:9, instance:Student.Allen_plus.Allen_PlusscheduleTest@8f2ef19]" started-at="2023-06-28T15:09:31 IST" name="verifyschedulecurrentdatedisplayed_or_not" finished-at="2023-06-28T15:09:31 IST" duration-ms="30" status="PASS">
          <reporter-output>
          </reporter-output>
        </test-method> <!-- verifyschedulecurrentdatedisplayed_or_not -->
        <test-method is-config="true" signature="appLogout(org.testng.ITestResult)[pri:0, instance:Student.Allen_plus.Allen_PlusscheduleTest@8f2ef19]" started-at="2023-06-28T15:09:31 IST" name="appLogout" finished-at="2023-06-28T15:09:31 IST" duration-ms="1" status="PASS">
          <params>
            <param index="0">
              <value>
                <![CDATA[[TestResult name=verifyschedulecurrentdatedisplayed_or_not status=SUCCESS method=Allen_PlusscheduleTest.verifyschedulecurrentdatedisplayed_or_not()[pri:9, instance:Student.Allen_plus.Allen_PlusscheduleTest@8f2ef19] output={null}]]]>
              </value>
            </param>
          </params>
          <reporter-output>
          </reporter-output>
        </test-method> <!-- appLogout -->
        <test-method signature="verifyscheduleclassrecording()[pri:10, instance:Student.Allen_plus.Allen_PlusscheduleTest@8f2ef19]" started-at="2023-06-28T15:09:31 IST" name="verifyscheduleclassrecording" finished-at="2023-06-28T15:10:08 IST" duration-ms="37290" status="FAIL">
          <exception class="org.openqa.selenium.NoSuchElementException">
            <message>
              <![CDATA[no such element: Unable to locate element: {"method":"xpath","selector":"//img[@src='https://dvvwf08ea9qan.cloudfront.net/allenplus3/assets/images/left-arrow.png']"}
  (Session info: chrome=114.0.5735.135)
For documentation on this error, please visit: https://selenium.dev/exceptions/#no_such_element
Build info: version: '4.8.3', revision: 'e5e76298c3'
System info: os.name: 'Windows 10', os.arch: 'amd64', os.version: '10.0', java.version: '11.0.18'
Driver info: org.openqa.selenium.chrome.ChromeDriver
Command: [b5ed9a8ab2b3bd7fb44fb44c802b98d8, findElement {using=xpath, value=//img[@src='https://dvvwf08ea9qan.cloudfront.net/allenplus3/assets/images/left-arrow.png']}]
Capabilities {acceptInsecureCerts: false, browserName: chrome, browserVersion: 114.0.5735.135, chrome: {chromedriverVersion: 114.0.5735.90 (386bc09e8f4f..., userDataDir: C:\Users\ginger\AppData\Loc...}, goog:chromeOptions: {debuggerAddress: localhost:64075}, networkConnectionEnabled: false, pageLoadStrategy: normal, platformName: WINDOWS, proxy: Proxy(), se:cdp: ws://localhost:64075/devtoo..., se:cdpVersion: 114.0.5735.135, setWindowRect: true, strictFileInteractability: false, timeouts: {implicit: 0, pageLoad: 300000, script: 30000}, unhandledPromptBehavior: dismiss and notify, webauthn:extension:credBlob: true, webauthn:extension:largeBlob: true, webauthn:extension:minPinLength: true, webauthn:extension:prf: true, webauthn:virtualAuthenticators: true}
Session ID: b5ed9a8ab2b3bd7fb44fb44c802b98d8]]>
            </message>
            <full-stacktrace>
              <![CDATA[org.openqa.selenium.NoSuchElementException: no such element: Unable to locate element: {"method":"xpath","selector":"//img[@src='https://dvvwf08ea9qan.cloudfront.net/allenplus3/assets/images/left-arrow.png']"}
  (Session info: chrome=114.0.5735.135)
For documentation on this error, please visit: https://selenium.dev/exceptions/#no_such_element
Build info: version: '4.8.3', revision: 'e5e76298c3'
System info: os.name: 'Windows 10', os.arch: 'amd64', os.version: '10.0', java.version: '11.0.18'
Driver info: org.openqa.selenium.chrome.ChromeDriver
Command: [b5ed9a8ab2b3bd7fb44fb44c802b98d8, findElement {using=xpath, value=//img[@src='https://dvvwf08ea9qan.cloudfront.net/allenplus3/assets/images/left-arrow.png']}]
Capabilities {acceptInsecureCerts: false, browserName: chrome, browserVersion: 114.0.5735.135, chrome: {chromedriverVersion: 114.0.5735.90 (386bc09e8f4f..., userDataDir: C:\Users\ginger\AppData\Loc...}, goog:chromeOptions: {debuggerAddress: localhost:64075}, networkConnectionEnabled: false, pageLoadStrategy: normal, platformName: WINDOWS, proxy: Proxy(), se:cdp: ws://localhost:64075/devtoo..., se:cdpVersion: 114.0.5735.135, setWindowRect: true, strictFileInteractability: false, timeouts: {implicit: 0, pageLoad: 300000, script: 30000}, unhandledPromptBehavior: dismiss and notify, webauthn:extension:credBlob: true, webauthn:extension:largeBlob: true, webauthn:extension:minPinLength: true, webauthn:extension:prf: true, webauthn:virtualAuthenticators: true}
Session ID: b5ed9a8ab2b3bd7fb44fb44c802b98d8
at java.base/jdk.internal.reflect.NativeConstructorAccessorImpl.newInstance0(Native Method)
at java.base/jdk.internal.reflect.NativeConstructorAccessorImpl.newInstance(NativeConstructorAccessorImpl.java:62)
at java.base/jdk.internal.reflect.DelegatingConstructorAccessorImpl.newInstance(DelegatingConstructorAccessorImpl.java:45)
at java.base/java.lang.reflect.Constructor.newInstance(Constructor.java:490)
at org.openqa.selenium.remote.codec.w3c.W3CHttpResponseCodec.createException(W3CHttpResponseCodec.java:200)
at org.openqa.selenium.remote.codec.w3c.W3CHttpResponseCodec.decode(W3CHttpResponseCodec.java:133)
at org.openqa.selenium.remote.codec.w3c.W3CHttpResponseCodec.decode(W3CHttpResponseCodec.java:53)
at org.openqa.selenium.remote.HttpCommandExecutor.execute(HttpCommandExecutor.java:193)
at org.openqa.selenium.remote.service.DriverCommandExecutor.invokeExecute(DriverCommandExecutor.java:183)
at org.openqa.selenium.remote.service.DriverCommandExecutor.execute(DriverCommandExecutor.java:158)
at org.openqa.selenium.remote.RemoteWebDriver.execute(RemoteWebDriver.java:543)
at org.openqa.selenium.remote.ElementLocation$ElementFinder$2.findElement(ElementLocation.java:162)
at org.openqa.selenium.remote.ElementLocation.findElement(ElementLocation.java:60)
at org.openqa.selenium.remote.RemoteWebDriver.findElement(RemoteWebDriver.java:352)
at org.openqa.selenium.remote.RemoteWebDriver.findElement(RemoteWebDriver.java:344)
at org.openqa.selenium.support.pagefactory.DefaultElementLocator.findElement(DefaultElementLocator.java:70)
at org.openqa.selenium.support.pagefactory.internal.LocatingElementHandler.invoke(LocatingElementHandler.java:39)
at com.sun.proxy.$Proxy20.click(Unknown Source)
at Student.Allen_plus.AllenschedulePage.validateyourclassback(AllenschedulePage.java:333)
at Student.Allen_plus.Allen_PlusscheduleTest.verifyscheduleclassrecording(Allen_PlusscheduleTest.java:194)
at java.base/jdk.internal.reflect.NativeMethodAccessorImpl.invoke0(Native Method)
at java.base/jdk.internal.reflect.NativeMethodAccessorImpl.invoke(NativeMethodAccessorImpl.java:62)
at java.base/jdk.internal.reflect.DelegatingMethodAccessorImpl.invoke(DelegatingMethodAccessorImpl.java:43)
at java.base/java.lang.reflect.Method.invoke(Method.java:566)
at org.testng.internal.MethodInvocationHelper.invokeMethod(MethodInvocationHelper.java:133)
at org.testng.internal.TestInvoker.invokeMethod(TestInvoker.java:598)
at org.testng.internal.TestInvoker.invokeTestMethod(TestInvoker.java:173)
at org.testng.internal.MethodRunner.runInSequence(MethodRunner.java:46)
at org.testng.internal.TestInvoker$MethodInvocationAgent.invoke(TestInvoker.java:824)
at org.testng.internal.TestInvoker.invokeTestMethods(TestInvoker.java:146)
at org.testng.internal.TestMethodWorker.invokeTestMethods(TestMethodWorker.java:146)
at org.testng.internal.TestMethodWorker.run(TestMethodWorker.java:128)
at java.base/java.util.ArrayList.forEach(ArrayList.java:1541)
at org.testng.TestRunner.privateRun(TestRunner.java:794)
at org.testng.TestRunner.run(TestRunner.java:596)
at org.testng.SuiteRunner.runTest(SuiteRunner.java:377)
at org.testng.SuiteRunner.runSequentially(SuiteRunner.java:371)
at org.testng.SuiteRunner.privateRun(SuiteRunner.java:332)
at org.testng.SuiteRunner.run(SuiteRunner.java:276)
at org.testng.SuiteRunnerWorker.runSuite(SuiteRunnerWorker.java:53)
at org.testng.SuiteRunnerWorker.run(SuiteRunnerWorker.java:96)
at org.testng.TestNG.runSuitesSequentially(TestNG.java:1212)
at org.testng.TestNG.runSuitesLocally(TestNG.java:1134)
at org.testng.TestNG.runSuites(TestNG.java:1063)
at org.testng.TestNG.run(TestNG.java:1031)
at org.testng.remote.AbstractRemoteTestNG.run(AbstractRemoteTestNG.java:115)
at org.testng.remote.RemoteTestNG.initAndRun(RemoteTestNG.java:251)
at org.testng.remote.RemoteTestNG.main(RemoteTestNG.java:77)
]]>
            </full-stacktrace>
          </exception> <!-- org.openqa.selenium.NoSuchElementException -->
          <reporter-output>
          </reporter-output>
        </test-method> <!-- verifyscheduleclassrecording -->
        <test-method is-config="true" signature="appLogout(org.testng.ITestResult)[pri:0, instance:Student.Allen_plus.Allen_PlusscheduleTest@8f2ef19]" started-at="2023-06-28T15:10:08 IST" name="appLogout" finished-at="2023-06-28T15:10:09 IST" duration-ms="123" status="PASS">
          <params>
            <param index="0">
              <value>
                <![CDATA[[TestResult name=verifyscheduleclassrecording status=FAILURE method=Allen_PlusscheduleTest.verifyscheduleclassrecording()[pri:10, instance:Student.Allen_plus.Allen_PlusscheduleTest@8f2ef19] output={null}]]]>
              </value>
            </param>
          </params>
          <reporter-output>
          </reporter-output>
        </test-method> <!-- appLogout -->
        <test-method signature="validatescheduleclassrecordingtext()[pri:11, instance:Student.Allen_plus.Allen_PlusscheduleTest@8f2ef19]" started-at="2023-06-28T15:10:09 IST" name="validatescheduleclassrecordingtext" finished-at="2023-06-28T15:10:09 IST" duration-ms="55" status="PASS">
          <reporter-output>
          </reporter-output>
        </test-method> <!-- validatescheduleclassrecordingtext -->
        <test-method is-config="true" signature="appLogout(org.testng.ITestResult)[pri:0, instance:Student.Allen_plus.Allen_PlusscheduleTest@8f2ef19]" started-at="2023-06-28T15:10:09 IST" name="appLogout" finished-at="2023-06-28T15:10:09 IST" duration-ms="1" status="PASS">
          <params>
            <param index="0">
              <value>
                <![CDATA[[TestResult name=validatescheduleclassrecordingtext status=SUCCESS method=Allen_PlusscheduleTest.validatescheduleclassrecordingtext()[pri:11, instance:Student.Allen_plus.Allen_PlusscheduleTest@8f2ef19] output={null}]]]>
              </value>
            </param>
          </params>
          <reporter-output>
          </reporter-output>
        </test-method> <!-- appLogout -->
        <test-method signature="verifyscheduletodaybtn()[pri:12, instance:Student.Allen_plus.Allen_PlusscheduleTest@8f2ef19]" started-at="2023-06-28T15:10:09 IST" name="verifyscheduletodaybtn" finished-at="2023-06-28T15:10:09 IST" duration-ms="25" status="PASS">
          <reporter-output>
          </reporter-output>
        </test-method> <!-- verifyscheduletodaybtn -->
        <test-method is-config="true" signature="appLogout(org.testng.ITestResult)[pri:0, instance:Student.Allen_plus.Allen_PlusscheduleTest@8f2ef19]" started-at="2023-06-28T15:10:09 IST" name="appLogout" finished-at="2023-06-28T15:10:09 IST" duration-ms="0" status="PASS">
          <params>
            <param index="0">
              <value>
                <![CDATA[[TestResult name=verifyscheduletodaybtn status=SUCCESS method=Allen_PlusscheduleTest.verifyscheduletodaybtn()[pri:12, instance:Student.Allen_plus.Allen_PlusscheduleTest@8f2ef19] output={null}]]]>
              </value>
            </param>
          </params>
          <reporter-output>
          </reporter-output>
        </test-method> <!-- appLogout -->
        <test-method signature="verifyscheduletodaybuttontext()[pri:13, instance:Student.Allen_plus.Allen_PlusscheduleTest@8f2ef19]" started-at="2023-06-28T15:10:09 IST" name="verifyscheduletodaybuttontext" finished-at="2023-06-28T15:10:09 IST" duration-ms="43" status="PASS">
          <reporter-output>
          </reporter-output>
        </test-method> <!-- verifyscheduletodaybuttontext -->
        <test-method is-config="true" signature="appLogout(org.testng.ITestResult)[pri:0, instance:Student.Allen_plus.Allen_PlusscheduleTest@8f2ef19]" started-at="2023-06-28T15:10:09 IST" name="appLogout" finished-at="2023-06-28T15:10:09 IST" duration-ms="0" status="PASS">
          <params>
            <param index="0">
              <value>
                <![CDATA[[TestResult name=verifyscheduletodaybuttontext status=SUCCESS method=Allen_PlusscheduleTest.verifyscheduletodaybuttontext()[pri:13, instance:Student.Allen_plus.Allen_PlusscheduleTest@8f2ef19] output={null}]]]>
              </value>
            </param>
          </params>
          <reporter-output>
          </reporter-output>
        </test-method> <!-- appLogout -->
        <test-method signature="verifyscheduleaccesreq()[pri:14, instance:Student.Allen_plus.Allen_PlusscheduleTest@8f2ef19]" started-at="2023-06-28T15:10:09 IST" name="verifyscheduleaccesreq" finished-at="2023-06-28T15:10:13 IST" duration-ms="4248" status="PASS">
          <reporter-output>
          </reporter-output>
        </test-method> <!-- verifyscheduleaccesreq -->
        <test-method is-config="true" signature="appLogout(org.testng.ITestResult)[pri:0, instance:Student.Allen_plus.Allen_PlusscheduleTest@8f2ef19]" started-at="2023-06-28T15:10:13 IST" name="appLogout" finished-at="2023-06-28T15:10:13 IST" duration-ms="2" status="PASS">
          <params>
            <param index="0">
              <value>
                <![CDATA[[TestResult name=verifyscheduleaccesreq status=SUCCESS method=Allen_PlusscheduleTest.verifyscheduleaccesreq()[pri:14, instance:Student.Allen_plus.Allen_PlusscheduleTest@8f2ef19] output={null}]]]>
              </value>
            </param>
          </params>
          <reporter-output>
          </reporter-output>
        </test-method> <!-- appLogout -->
        <test-method signature="verifyscheduleaccessreqbtntext()[pri:15, instance:Student.Allen_plus.Allen_PlusscheduleTest@8f2ef19]" started-at="2023-06-28T15:10:13 IST" name="verifyscheduleaccessreqbtntext" finished-at="2023-06-28T15:10:13 IST" duration-ms="97" status="PASS">
          <reporter-output>
          </reporter-output>
        </test-method> <!-- verifyscheduleaccessreqbtntext -->
        <test-method is-config="true" signature="appLogout(org.testng.ITestResult)[pri:0, instance:Student.Allen_plus.Allen_PlusscheduleTest@8f2ef19]" started-at="2023-06-28T15:10:13 IST" name="appLogout" finished-at="2023-06-28T15:10:13 IST" duration-ms="0" status="PASS">
          <params>
            <param index="0">
              <value>
                <![CDATA[[TestResult name=verifyscheduleaccessreqbtntext status=SUCCESS method=Allen_PlusscheduleTest.verifyscheduleaccessreqbtntext()[pri:15, instance:Student.Allen_plus.Allen_PlusscheduleTest@8f2ef19] output={null}]]]>
              </value>
            </param>
          </params>
          <reporter-output>
          </reporter-output>
        </test-method> <!-- appLogout -->
        <test-method signature="validatescheduleappversiondisplayed_or_not()[pri:16, instance:Student.Allen_plus.Allen_PlusscheduleTest@8f2ef19]" started-at="2023-06-28T15:10:13 IST" name="validatescheduleappversiondisplayed_or_not" finished-at="2023-06-28T15:10:13 IST" duration-ms="30" status="PASS">
          <reporter-output>
          </reporter-output>
        </test-method> <!-- validatescheduleappversiondisplayed_or_not -->
        <test-method signature="verifycalendervisible_or_not()[pri:17, instance:Student.Allen_plus.Allen_PlusscheduleTest@8f2ef19]" started-at="2023-06-28T15:10:13 IST" name="verifycalendervisible_or_not" finished-at="2023-06-28T15:10:13 IST" duration-ms="30" status="PASS">
          <reporter-output>
          </reporter-output>
        </test-method> <!-- verifycalendervisible_or_not -->
        <test-method is-config="true" signature="appLogout(org.testng.ITestResult)[pri:0, instance:Student.Allen_plus.Allen_PlusscheduleTest@8f2ef19]" started-at="2023-06-28T15:10:13 IST" name="appLogout" finished-at="2023-06-28T15:10:13 IST" duration-ms="0" status="PASS">
          <params>
            <param index="0">
              <value>
                <![CDATA[[TestResult name=validatescheduleappversiondisplayed_or_not status=SUCCESS method=Allen_PlusscheduleTest.validatescheduleappversiondisplayed_or_not()[pri:16, instance:Student.Allen_plus.Allen_PlusscheduleTest@8f2ef19] output={null}]]]>
              </value>
            </param>
          </params>
          <reporter-output>
          </reporter-output>
        </test-method> <!-- appLogout -->
        <test-method is-config="true" signature="appLogout(org.testng.ITestResult)[pri:0, instance:Student.Allen_plus.Allen_PlusscheduleTest@8f2ef19]" started-at="2023-06-28T15:10:13 IST" name="appLogout" finished-at="2023-06-28T15:10:13 IST" duration-ms="1" status="PASS">
          <params>
            <param index="0">
              <value>
                <![CDATA[[TestResult name=verifycalendervisible_or_not status=SUCCESS method=Allen_PlusscheduleTest.verifycalendervisible_or_not()[pri:17, instance:Student.Allen_plus.Allen_PlusscheduleTest@8f2ef19] output={null}]]]>
              </value>
            </param>
          </params>
          <reporter-output>
          </reporter-output>
        </test-method> <!-- appLogout -->
        <test-method signature="verifyhschedulepageimagedisplayed_or_not()[pri:18, instance:Student.Allen_plus.Allen_PlusscheduleTest@8f2ef19]" started-at="2023-06-28T15:10:13 IST" name="verifyhschedulepageimagedisplayed_or_not" finished-at="2023-06-28T15:10:13 IST" duration-ms="26" status="PASS">
          <reporter-output>
          </reporter-output>
        </test-method> <!-- verifyhschedulepageimagedisplayed_or_not -->
        <test-method is-config="true" signature="appLogout(org.testng.ITestResult)[pri:0, instance:Student.Allen_plus.Allen_PlusscheduleTest@8f2ef19]" started-at="2023-06-28T15:10:13 IST" name="appLogout" finished-at="2023-06-28T15:10:13 IST" duration-ms="0" status="PASS">
          <params>
            <param index="0">
              <value>
                <![CDATA[[TestResult name=verifyhschedulepageimagedisplayed_or_not status=SUCCESS method=Allen_PlusscheduleTest.verifyhschedulepageimagedisplayed_or_not()[pri:18, instance:Student.Allen_plus.Allen_PlusscheduleTest@8f2ef19] output={null}]]]>
              </value>
            </param>
          </params>
          <reporter-output>
          </reporter-output>
        </test-method> <!-- appLogout -->
        <test-method signature="verifyschedulesidepanelclosebtn()[pri:22, instance:Student.Allen_plus.Allen_PlusscheduleTest@8f2ef19]" started-at="2023-06-28T15:10:13 IST" name="verifyschedulesidepanelclosebtn" finished-at="2023-06-28T15:10:15 IST" duration-ms="2244" status="PASS">
          <reporter-output>
          </reporter-output>
        </test-method> <!-- verifyschedulesidepanelclosebtn -->
        <test-method is-config="true" signature="appLogout(org.testng.ITestResult)[pri:0, instance:Student.Allen_plus.Allen_PlusscheduleTest@8f2ef19]" started-at="2023-06-28T15:10:15 IST" name="appLogout" finished-at="2023-06-28T15:10:15 IST" duration-ms="1" status="PASS">
          <params>
            <param index="0">
              <value>
                <![CDATA[[TestResult name=verifyschedulesidepanelclosebtn status=SUCCESS method=Allen_PlusscheduleTest.verifyschedulesidepanelclosebtn()[pri:22, instance:Student.Allen_plus.Allen_PlusscheduleTest@8f2ef19] output={null}]]]>
              </value>
            </param>
          </params>
          <reporter-output>
          </reporter-output>
        </test-method> <!-- appLogout -->
        <test-method signature="verifynotification9pluscountdisplayed_or_not()[pri:23, instance:Student.Allen_plus.Allen_PlusscheduleTest@8f2ef19]" started-at="2023-06-28T15:10:15 IST" name="verifynotification9pluscountdisplayed_or_not" finished-at="2023-06-28T15:10:15 IST" duration-ms="32" status="PASS">
          <reporter-output>
          </reporter-output>
        </test-method> <!-- verifynotification9pluscountdisplayed_or_not -->
        <test-method is-config="true" signature="appLogout(org.testng.ITestResult)[pri:0, instance:Student.Allen_plus.Allen_PlusscheduleTest@8f2ef19]" started-at="2023-06-28T15:10:15 IST" name="appLogout" finished-at="2023-06-28T15:10:15 IST" duration-ms="1" status="PASS">
          <params>
            <param index="0">
              <value>
                <![CDATA[[TestResult name=verifynotification9pluscountdisplayed_or_not status=SUCCESS method=Allen_PlusscheduleTest.verifynotification9pluscountdisplayed_or_not()[pri:23, instance:Student.Allen_plus.Allen_PlusscheduleTest@8f2ef19] output={null}]]]>
              </value>
            </param>
          </params>
          <reporter-output>
          </reporter-output>
        </test-method> <!-- appLogout -->
        <test-method is-config="true" signature="logoutApp()[pri:0, instance:Student.Allen_plus.Allen_PlusscheduleTest@8f2ef19]" started-at="2023-06-28T15:10:15 IST" name="logoutApp" finished-at="2023-06-28T15:10:16 IST" duration-ms="459" status="PASS">
          <reporter-output>
          </reporter-output>
        </test-method> <!-- logoutApp -->
      </class> <!-- Student.Allen_plus.Allen_PlusscheduleTest -->
    </test> <!-- Default test -->
  </suite> <!-- Default suite -->
</testng-results>
